<?xml version="1.0" encoding="UTF-8"?>
<!-- Generated by org.testng.reporters.JUnitReportReporter -->
<testsuite skipped="0" hostname="DESKTOP-FVP1BCF" name="com.rest.RestAutomationJsonPlaceHolder.JsonTest" tests="1" failures="0" timestamp="26 Nov 2019 00:14:32 GMT" time="1.875" errors="0">
  <testcase name="getUserid" time="1.875" classname="com.rest.RestAutomationJsonPlaceHolder.JsonTest"/>
</testsuite> <!-- com.rest.RestAutomationJsonPlaceHolder.JsonTest -->
